<?xml version="1.0" encoding="UTF-8"?>
<!-- Generated by org.testng.reporters.JUnitXMLReporter -->
<testsuite hostname="LAPTOP-4P252GTC" ignored="0" name="Default test" tests="3" failures="0" timestamp="2021-01-02T20:03:22 EET" time="21.655" errors="0">
  <testcase name="createNewUserSuccessfully" time="7.35" classname="tests.LoginTest"/>
  <testcase name="authenticateNewUser" time="9.238" classname="tests.LoginTest"/>
  <testcase name="login" time="5.025" classname="tests.LoginTest"/>
</testsuite> <!-- Default test -->
